2021-12-01 11:36:46,073 - DEBUG - debug message
2021-12-01 11:36:46,073 - INFO - info message
2021-12-01 11:36:46,073 - WARNING - warn message
2021-12-01 11:36:46,074 - ERROR - error message
2021-12-01 11:36:46,074 - CRITICAL - critical message
2021-12-01 11:51:36,977 - DEBUG - debug message
2021-12-01 11:51:36,977 - INFO - info message
2021-12-01 11:51:36,977 - WARNING - warn message
2021-12-01 11:51:36,977 - ERROR - error message
2021-12-01 11:51:36,977 - CRITICAL - critical message
2021-12-01 11:52:56,444 - DEBUG - debug message
2021-12-01 11:52:56,444 - INFO - info message
2021-12-01 11:52:56,444 - WARNING - warn message
2021-12-01 11:52:56,444 - ERROR - error message
2021-12-01 11:52:56,444 - CRITICAL - critical message
2021-12-01 11:59:00,226 - DEBUG - debug message
2021-12-01 11:59:00,226 - INFO - info message
2021-12-01 11:59:00,226 - WARNING - warn message
2021-12-01 11:59:00,226 - ERROR - error message
2021-12-01 11:59:00,226 - CRITICAL - critical message
