DEBUG:root:debug message
INFO:root:info message
WARNING:root:warn message
ERROR:root:error message
CRITICAL:root:critical message
DEBUG:root:This is a debug message.
INFO:root:This is a info message.
WARNING:root:This is a warn message 
WARNING:root:This is a warning message
ERROR:root:This is a error message.
CRITICAL:root:This is a crirical message.
DEBUG:root:
debug message
INFO:root:info message
WARNING:root:warn message
ERROR:root:error message
CRITICAL:root:critical message
DEBUG:root:
This is a debug message.
INFO:root:This is a info message.
WARNING:root:This is a warn message 
WARNING:root:This is a warning message
ERROR:root:This is a error message.
CRITICAL:root:This is a crirical message.
2021-12-01 11:20:44,003 - DEBUG - debug message
2021-12-01 11:20:44,003 - INFO - info message
2021-12-01 11:20:44,003 - WARNING - warn message
2021-12-01 11:20:44,004 - ERROR - error message
2021-12-01 11:20:44,004 - CRITICAL - critical message
2021-12-01 11:20:44,004 - DEBUG - This is a debug message.
2021-12-01 11:20:44,004 - INFO - This is a info message.
2021-12-01 11:20:44,004 - WARNING - This is a warn message 
2021-12-01 11:20:44,004 - ERROR - This is a error message.
2021-12-01 11:20:44,004 - CRITICAL - This is a crirical message.
12/01/2021 11:21:57 AM - DEBUG - debug message
12/01/2021 11:21:57 AM - INFO - info message
12/01/2021 11:21:57 AM - WARNING - warn message
12/01/2021 11:21:57 AM - ERROR - error message
12/01/2021 11:21:57 AM - CRITICAL - critical message
12/01/2021 11:21:57 AM - DEBUG - This is a debug message.
12/01/2021 11:21:57 AM - INFO - This is a info message.
12/01/2021 11:21:57 AM - WARNING - This is a warn message 
12/01/2021 11:21:57 AM - ERROR - This is a error message.
12/01/2021 11:21:57 AM - CRITICAL - This is a crirical message.
2021/12/01 11:22:35 AM - DEBUG - debug message
2021/12/01 11:22:35 AM - INFO - info message
2021/12/01 11:22:35 AM - WARNING - warn message
2021/12/01 11:22:35 AM - ERROR - error message
2021/12/01 11:22:35 AM - CRITICAL - critical message
2021/12/01 11:22:35 AM - DEBUG - This is a debug message.
2021/12/01 11:22:35 AM - INFO - This is a info message.
2021/12/01 11:22:35 AM - WARNING - This is a warn message 
2021/12/01 11:22:35 AM - ERROR - This is a error message.
2021/12/01 11:22:35 AM - CRITICAL - This is a crirical message.
2021/12/01 11:34:00 AM - DEBUG - debug message
2021/12/01 11:34:00 AM - INFO - info message
2021/12/01 11:34:00 AM - WARNING - warn message
2021/12/01 11:34:00 AM - ERROR - error message
2021/12/01 11:34:00 AM - CRITICAL - critical message
2021/12/01 11:34:00 AM - DEBUG - This is a debug message.
2021/12/01 11:34:00 AM - INFO - This is a info message.
2021/12/01 11:34:00 AM - WARNING - This is a warn message 
2021/12/01 11:34:00 AM - ERROR - This is a error message.
2021/12/01 11:34:00 AM - CRITICAL - This is a crirical message.
2021/12/01 11:34:00 AM - DEBUG - This is a debug message.
2021/12/01 11:34:00 AM - INFO - This is a info message.
2021/12/01 11:34:00 AM - WARNING - This is a warn message 
2021/12/01 11:34:00 AM - ERROR - This is a error message.
2021/12/01 11:34:00 AM - CRITICAL - This is a crirical message.
2021/12/01 11:34:37 AM - DEBUG - debug message
2021/12/01 11:34:37 AM - INFO - info message
2021/12/01 11:34:37 AM - WARNING - warn message
2021/12/01 11:34:37 AM - ERROR - error message
2021/12/01 11:34:37 AM - CRITICAL - critical message
2021/12/01 11:34:37 AM - DEBUG - This is a debug message.
2021/12/01 11:34:37 AM - INFO - This is a info message.
2021/12/01 11:34:37 AM - WARNING - This is a warn message 
2021/12/01 11:34:37 AM - ERROR - This is a error message.
2021/12/01 11:34:37 AM - CRITICAL - This is a crirical message.
2021/12/01 11:34:37 AM - DEBUG - This is a debug message.
2021/12/01 11:34:37 AM - INFO - This is a info message.
2021/12/01 11:34:37 AM - WARNING - This is a warn message 
2021/12/01 11:34:37 AM - ERROR - This is a error message.
2021/12/01 11:34:37 AM - CRITICAL - This is a crirical message.
2021/12/01 11:34:37 AM - DEBUG - debug message
2021/12/01 11:34:37 AM - INFO - info message
2021/12/01 11:34:37 AM - WARNING - warn message
2021/12/01 11:34:37 AM - ERROR - error message
2021/12/01 11:34:37 AM - CRITICAL - critical message
2021/12/01 11:35:32 AM - DEBUG - debug message
2021/12/01 11:35:32 AM - INFO - info message
2021/12/01 11:35:32 AM - WARNING - warn message
2021/12/01 11:35:32 AM - ERROR - error message
2021/12/01 11:35:32 AM - CRITICAL - critical message
2021/12/01 11:35:32 AM - DEBUG - This is a debug message.
2021/12/01 11:35:32 AM - INFO - This is a info message.
2021/12/01 11:35:32 AM - WARNING - This is a warn message 
2021/12/01 11:35:32 AM - ERROR - This is a error message.
2021/12/01 11:35:32 AM - CRITICAL - This is a crirical message.
2021/12/01 11:35:59 AM - DEBUG - debug message
2021/12/01 11:35:59 AM - INFO - info message
2021/12/01 11:35:59 AM - WARNING - warn message
2021/12/01 11:35:59 AM - ERROR - error message
2021/12/01 11:35:59 AM - CRITICAL - critical message
2021/12/01 11:35:59 AM - DEBUG - This is a debug message.
2021/12/01 11:35:59 AM - INFO - This is a info message.
2021/12/01 11:35:59 AM - WARNING - This is a warn message 
2021/12/01 11:35:59 AM - ERROR - This is a error message.
2021/12/01 11:35:59 AM - CRITICAL - This is a crirical message.
2021/12/01 11:36:46 AM - DEBUG - debug message
2021/12/01 11:36:46 AM - INFO - info message
2021/12/01 11:36:46 AM - WARNING - warn message
2021/12/01 11:36:46 AM - ERROR - error message
2021/12/01 11:36:46 AM - CRITICAL - critical message
2021/12/01 11:36:46 AM - DEBUG - This is a debug message.
2021/12/01 11:36:46 AM - INFO - This is a info message.
2021/12/01 11:36:46 AM - WARNING - This is a warn message 
2021/12/01 11:36:46 AM - ERROR - This is a error message.
2021/12/01 11:36:46 AM - CRITICAL - This is a crirical message.
2021/12/01 11:36:46 AM - DEBUG - debug message
2021/12/01 11:36:46 AM - INFO - info message
2021/12/01 11:36:46 AM - WARNING - warn message
2021/12/01 11:36:46 AM - ERROR - error message
2021/12/01 11:36:46 AM - CRITICAL - critical message
